<?xml version="1.0" encoding="UTF-8"?>
<testsuite name="com.hz.springdemo.SpringBootDemoApplicationTests" tests="1" skipped="0" failures="0" errors="0" timestamp="2016-07-18T07:28:36" hostname="hongzhang" time="0.005">
  <properties/>
  <testcase name="contextLoads" classname="com.hz.springdemo.SpringBootDemoApplicationTests" time="0.005"/>
  <system-out><![CDATA[15:28:30.255 [Test worker] DEBUG org.springframework.test.context.junit4.SpringJUnit4ClassRunner - SpringJUnit4ClassRunner constructor called with [class com.hz.springdemo.SpringBootDemoApplicationTests]
15:28:30.269 [Test worker] DEBUG org.springframework.test.context.BootstrapUtils - Instantiating CacheAwareContextLoaderDelegate from class [org.springframework.test.context.cache.DefaultCacheAwareContextLoaderDelegate]
15:28:30.287 [Test worker] DEBUG org.springframework.test.context.BootstrapUtils - Instantiating BootstrapContext using constructor [public org.springframework.test.context.support.DefaultBootstrapContext(java.lang.Class,org.springframework.test.context.CacheAwareContextLoaderDelegate)]
15:28:30.331 [Test worker] DEBUG org.springframework.test.context.BootstrapUtils - Instantiating TestContextBootstrapper for test class [com.hz.springdemo.SpringBootDemoApplicationTests] from class [org.springframework.test.context.web.WebTestContextBootstrapper]
15:28:30.436 [Test worker] DEBUG org.springframework.test.context.web.WebTestContextBootstrapper - Found explicit ContextLoader class [org.springframework.boot.test.SpringApplicationContextLoader] for context configuration attributes [ContextConfigurationAttributes@5808d414 declaringClass = 'com.hz.springdemo.SpringBootDemoApplicationTests', classes = '{class com.hz.springdemo.SpringBootDemoApplication}', locations = '{}', inheritLocations = true, initializers = '{}', inheritInitializers = true, name = [null], contextLoaderClass = 'org.springframework.boot.test.SpringApplicationContextLoader']
15:28:30.458 [Test worker] DEBUG org.springframework.test.context.support.AbstractContextLoader - Did not detect default resource location for test class [com.hz.springdemo.SpringBootDemoApplicationTests]: class path resource [com/hz/springdemo/SpringBootDemoApplicationTests-context.xml] does not exist
15:28:30.460 [Test worker] DEBUG org.springframework.test.context.support.AbstractContextLoader - Did not detect default resource location for test class [com.hz.springdemo.SpringBootDemoApplicationTests]: class path resource [com/hz/springdemo/SpringBootDemoApplicationTestsContext.groovy] does not exist
15:28:30.462 [Test worker] INFO org.springframework.test.context.support.AbstractContextLoader - Could not detect default resource locations for test class [com.hz.springdemo.SpringBootDemoApplicationTests]: no resource found for suffixes {-context.xml, Context.groovy}.
15:28:30.467 [Test worker] DEBUG org.springframework.test.context.support.ActiveProfilesUtils - Could not find an 'annotation declaring class' for annotation type [org.springframework.test.context.ActiveProfiles] and class [com.hz.springdemo.SpringBootDemoApplicationTests]
15:28:30.479 [Test worker] DEBUG org.springframework.test.context.web.WebTestContextBootstrapper - @TestExecutionListeners is not present for class [com.hz.springdemo.SpringBootDemoApplicationTests]: using defaults.
15:28:30.496 [Test worker] INFO org.springframework.test.context.web.WebTestContextBootstrapper - Loaded default TestExecutionListener class names from location [META-INF/spring.factories]: [org.springframework.test.context.web.ServletTestExecutionListener, org.springframework.test.context.support.DirtiesContextBeforeModesTestExecutionListener, org.springframework.test.context.support.DependencyInjectionTestExecutionListener, org.springframework.test.context.support.DirtiesContextTestExecutionListener, org.springframework.test.context.transaction.TransactionalTestExecutionListener, org.springframework.test.context.jdbc.SqlScriptsTestExecutionListener]
15:28:30.545 [Test worker] INFO org.springframework.test.context.web.WebTestContextBootstrapper - Could not instantiate TestExecutionListener [org.springframework.test.context.transaction.TransactionalTestExecutionListener]. Specify custom listener classes or make the default listener classes (and their required dependencies) available. Offending class: [org/springframework/transaction/interceptor/TransactionAttributeSource]
15:28:30.550 [Test worker] INFO org.springframework.test.context.web.WebTestContextBootstrapper - Could not instantiate TestExecutionListener [org.springframework.test.context.jdbc.SqlScriptsTestExecutionListener]. Specify custom listener classes or make the default listener classes (and their required dependencies) available. Offending class: [org/springframework/transaction/interceptor/TransactionAttribute]
15:28:30.553 [Test worker] INFO org.springframework.test.context.web.WebTestContextBootstrapper - Using TestExecutionListeners: [org.springframework.test.context.web.ServletTestExecutionListener@4873ea59, org.springframework.test.context.support.DirtiesContextBeforeModesTestExecutionListener@7f1bf67c, org.springframework.test.context.support.DependencyInjectionTestExecutionListener@3199c005, org.springframework.test.context.support.DirtiesContextTestExecutionListener@64edb341]
15:28:30.562 [Test worker] DEBUG org.springframework.test.annotation.ProfileValueUtils - Retrieved @ProfileValueSourceConfiguration [null] for test class [com.hz.springdemo.SpringBootDemoApplicationTests]
15:28:30.563 [Test worker] DEBUG org.springframework.test.annotation.ProfileValueUtils - Retrieved ProfileValueSource type [class org.springframework.test.annotation.SystemProfileValueSource] for class [com.hz.springdemo.SpringBootDemoApplicationTests]
15:28:30.566 [Test worker] DEBUG org.springframework.test.annotation.ProfileValueUtils - Retrieved @ProfileValueSourceConfiguration [null] for test class [com.hz.springdemo.SpringBootDemoApplicationTests]
15:28:30.566 [Test worker] DEBUG org.springframework.test.annotation.ProfileValueUtils - Retrieved ProfileValueSource type [class org.springframework.test.annotation.SystemProfileValueSource] for class [com.hz.springdemo.SpringBootDemoApplicationTests]
15:28:30.572 [Test worker] DEBUG org.springframework.test.context.support.AbstractDirtiesContextTestExecutionListener - Before test class: context [DefaultTestContext@630e8eef testClass = SpringBootDemoApplicationTests, testInstance = [null], testMethod = [null], testException = [null], mergedContextConfiguration = [WebMergedContextConfiguration@5ac3d7d9 testClass = SpringBootDemoApplicationTests, locations = '{}', classes = '{class com.hz.springdemo.SpringBootDemoApplication}', contextInitializerClasses = '[]', activeProfiles = '{}', propertySourceLocations = '{}', propertySourceProperties = '{}', resourceBasePath = 'src/main/webapp', contextLoader = 'org.springframework.boot.test.SpringApplicationContextLoader', parent = [null]]], class annotated with @DirtiesContext [false] with mode [null].
15:28:30.573 [Test worker] DEBUG org.springframework.test.annotation.ProfileValueUtils - Retrieved @ProfileValueSourceConfiguration [null] for test class [com.hz.springdemo.SpringBootDemoApplicationTests]
15:28:30.573 [Test worker] DEBUG org.springframework.test.annotation.ProfileValueUtils - Retrieved ProfileValueSource type [class org.springframework.test.annotation.SystemProfileValueSource] for class [com.hz.springdemo.SpringBootDemoApplicationTests]
15:28:30.737 [Test worker] DEBUG org.springframework.core.env.StandardEnvironment - Adding [systemProperties] PropertySource with lowest search precedence
15:28:30.744 [Test worker] DEBUG org.springframework.core.env.StandardEnvironment - Adding [systemEnvironment] PropertySource with lowest search precedence
15:28:30.745 [Test worker] DEBUG org.springframework.core.env.StandardEnvironment - Initialized StandardEnvironment with PropertySources [systemProperties,systemEnvironment]
15:28:30.749 [Test worker] DEBUG org.springframework.core.env.StandardEnvironment - Adding [integrationTest] PropertySource with search precedence immediately lower than [systemEnvironment]

  .   ____          _            __ _ _
 /\\ / ___'_ __ _ _(_)_ __  __ _ \ \ \ \
( ( )\___ | '_ | '_| | '_ \/ _` | \ \ \ \
 \\/  ___)| |_)| | | | | || (_| |  ) ) ) )
  '  |____| .__|_| |_|_| |_\__, | / / / /
 =========|_|==============|___/=/_/_/_/
?[32m :: Spring Boot :: ?[39m      ?[2m (v1.3.6.RELEASE)?[0;39m

?[2m2016-07-18 15:28:31.626?[0;39m ?[32m INFO?[0;39m ?[35m12444?[0;39m ?[2m---?[0;39m ?[2m[    Test worker]?[0;39m ?[36mc.h.s.SpringBootDemoApplicationTests    ?[0;39m ?[2m:?[0;39m Starting SpringBootDemoApplicationTests on hongzhang with PID 12444 (G:\code\java-demo\spring-boot\build\classes\test started by hz in G:\code\java-demo\spring-boot)
?[2m2016-07-18 15:28:31.631?[0;39m ?[32m INFO?[0;39m ?[35m12444?[0;39m ?[2m---?[0;39m ?[2m[    Test worker]?[0;39m ?[36mc.h.s.SpringBootDemoApplicationTests    ?[0;39m ?[2m:?[0;39m No active profile set, falling back to default profiles: default
?[2m2016-07-18 15:28:31.799?[0;39m ?[32m INFO?[0;39m ?[35m12444?[0;39m ?[2m---?[0;39m ?[2m[    Test worker]?[0;39m ?[36mo.s.w.c.s.GenericWebApplicationContext  ?[0;39m ?[2m:?[0;39m Refreshing org.springframework.web.context.support.GenericWebApplicationContext@4330b022: startup date [Mon Jul 18 15:28:31 CST 2016]; root of context hierarchy
?[2m2016-07-18 15:28:35.202?[0;39m ?[32m INFO?[0;39m ?[35m12444?[0;39m ?[2m---?[0;39m ?[2m[    Test worker]?[0;39m ?[36ms.w.s.m.m.a.RequestMappingHandlerAdapter?[0;39m ?[2m:?[0;39m Looking for @ControllerAdvice: org.springframework.web.context.support.GenericWebApplicationContext@4330b022: startup date [Mon Jul 18 15:28:31 CST 2016]; root of context hierarchy
?[2m2016-07-18 15:28:35.341?[0;39m ?[32m INFO?[0;39m ?[35m12444?[0;39m ?[2m---?[0;39m ?[2m[    Test worker]?[0;39m ?[36ms.w.s.m.m.a.RequestMappingHandlerMapping?[0;39m ?[2m:?[0;39m Mapped "{[/info]}" onto java.lang.String com.hz.springdemo.web.HomeController.info()
?[2m2016-07-18 15:28:35.342?[0;39m ?[32m INFO?[0;39m ?[35m12444?[0;39m ?[2m---?[0;39m ?[2m[    Test worker]?[0;39m ?[36ms.w.s.m.m.a.RequestMappingHandlerMapping?[0;39m ?[2m:?[0;39m Mapped "{[/]}" onto java.lang.String com.hz.springdemo.web.HomeController.home()
?[2m2016-07-18 15:28:35.344?[0;39m ?[32m INFO?[0;39m ?[35m12444?[0;39m ?[2m---?[0;39m ?[2m[    Test worker]?[0;39m ?[36ms.w.s.m.m.a.RequestMappingHandlerMapping?[0;39m ?[2m:?[0;39m Mapped "{[/errordemo]}" onto java.lang.String com.hz.springdemo.web.HomeController.errorDemo()
?[2m2016-07-18 15:28:35.348?[0;39m ?[32m INFO?[0;39m ?[35m12444?[0;39m ?[2m---?[0;39m ?[2m[    Test worker]?[0;39m ?[36ms.w.s.m.m.a.RequestMappingHandlerMapping?[0;39m ?[2m:?[0;39m Mapped "{[/error]}" onto public org.springframework.http.ResponseEntity<java.util.Map<java.lang.String, java.lang.Object>> org.springframework.boot.autoconfigure.web.BasicErrorController.error(javax.servlet.http.HttpServletRequest)
?[2m2016-07-18 15:28:35.349?[0;39m ?[32m INFO?[0;39m ?[35m12444?[0;39m ?[2m---?[0;39m ?[2m[    Test worker]?[0;39m ?[36ms.w.s.m.m.a.RequestMappingHandlerMapping?[0;39m ?[2m:?[0;39m Mapped "{[/error],produces=[text/html]}" onto public org.springframework.web.servlet.ModelAndView org.springframework.boot.autoconfigure.web.BasicErrorController.errorHtml(javax.servlet.http.HttpServletRequest,javax.servlet.http.HttpServletResponse)
?[2m2016-07-18 15:28:35.400?[0;39m ?[32m INFO?[0;39m ?[35m12444?[0;39m ?[2m---?[0;39m ?[2m[    Test worker]?[0;39m ?[36mo.s.w.s.handler.SimpleUrlHandlerMapping ?[0;39m ?[2m:?[0;39m Mapped URL path [/webjars/**] onto handler of type [class org.springframework.web.servlet.resource.ResourceHttpRequestHandler]
?[2m2016-07-18 15:28:35.400?[0;39m ?[32m INFO?[0;39m ?[35m12444?[0;39m ?[2m---?[0;39m ?[2m[    Test worker]?[0;39m ?[36mo.s.w.s.handler.SimpleUrlHandlerMapping ?[0;39m ?[2m:?[0;39m Mapped URL path [/**] onto handler of type [class org.springframework.web.servlet.resource.ResourceHttpRequestHandler]
?[2m2016-07-18 15:28:35.476?[0;39m ?[32m INFO?[0;39m ?[35m12444?[0;39m ?[2m---?[0;39m ?[2m[    Test worker]?[0;39m ?[36mo.s.w.s.handler.SimpleUrlHandlerMapping ?[0;39m ?[2m:?[0;39m Mapped URL path [/**/favicon.ico] onto handler of type [class org.springframework.web.servlet.resource.ResourceHttpRequestHandler]
?[2m2016-07-18 15:28:35.749?[0;39m ?[32m INFO?[0;39m ?[35m12444?[0;39m ?[2m---?[0;39m ?[2m[    Test worker]?[0;39m ?[36mo.s.w.s.v.velocity.VelocityConfigurer   ?[0;39m ?[2m:?[0;39m ClasspathResourceLoader with name 'springMacro' added to configured VelocityEngine
CommandLineRunnerDean:Info--------0
?[2m2016-07-18 15:28:36.283?[0;39m ?[32m INFO?[0;39m ?[35m12444?[0;39m ?[2m---?[0;39m ?[2m[    Test worker]?[0;39m ?[36mc.h.s.SpringBootDemoApplicationTests    ?[0;39m ?[2m:?[0;39m Started SpringBootDemoApplicationTests in 5.467 seconds (JVM running for 8.215)
]]></system-out>
  <system-err><![CDATA[]]></system-err>
</testsuite>
