<?xml version="1.0" encoding="UTF-8"?>
<testsuite name="com.hz.springdemo.SpringBootDemoApplicationTests" tests="1" skipped="0" failures="0" errors="0" timestamp="2016-07-10T12:29:41" hostname="hongzhang" time="0.005">
  <properties/>
  <testcase name="contextLoads" classname="com.hz.springdemo.SpringBootDemoApplicationTests" time="0.005"/>
  <system-out><![CDATA[20:29:36.673 [Test worker] DEBUG org.springframework.test.context.junit4.SpringJUnit4ClassRunner - SpringJUnit4ClassRunner constructor called with [class com.hz.springdemo.SpringBootDemoApplicationTests]
20:29:36.697 [Test worker] DEBUG org.springframework.test.context.BootstrapUtils - Instantiating CacheAwareContextLoaderDelegate from class [org.springframework.test.context.cache.DefaultCacheAwareContextLoaderDelegate]
20:29:36.711 [Test worker] DEBUG org.springframework.test.context.BootstrapUtils - Instantiating BootstrapContext using constructor [public org.springframework.test.context.support.DefaultBootstrapContext(java.lang.Class,org.springframework.test.context.CacheAwareContextLoaderDelegate)]
20:29:36.738 [Test worker] DEBUG org.springframework.test.context.BootstrapUtils - Instantiating TestContextBootstrapper for test class [com.hz.springdemo.SpringBootDemoApplicationTests] from class [org.springframework.test.context.web.WebTestContextBootstrapper]
20:29:36.838 [Test worker] DEBUG org.springframework.test.context.web.WebTestContextBootstrapper - Found explicit ContextLoader class [org.springframework.boot.test.SpringApplicationContextLoader] for context configuration attributes [ContextConfigurationAttributes@5045dbd0 declaringClass = 'com.hz.springdemo.SpringBootDemoApplicationTests', classes = '{class com.hz.springdemo.SpringBootDemoApplication}', locations = '{}', inheritLocations = true, initializers = '{}', inheritInitializers = true, name = [null], contextLoaderClass = 'org.springframework.boot.test.SpringApplicationContextLoader']
20:29:36.869 [Test worker] DEBUG org.springframework.test.context.support.AbstractContextLoader - Did not detect default resource location for test class [com.hz.springdemo.SpringBootDemoApplicationTests]: class path resource [com/hz/springdemo/SpringBootDemoApplicationTests-context.xml] does not exist
20:29:36.870 [Test worker] DEBUG org.springframework.test.context.support.AbstractContextLoader - Did not detect default resource location for test class [com.hz.springdemo.SpringBootDemoApplicationTests]: class path resource [com/hz/springdemo/SpringBootDemoApplicationTestsContext.groovy] does not exist
20:29:36.871 [Test worker] INFO org.springframework.test.context.support.AbstractContextLoader - Could not detect default resource locations for test class [com.hz.springdemo.SpringBootDemoApplicationTests]: no resource found for suffixes {-context.xml, Context.groovy}.
20:29:36.877 [Test worker] DEBUG org.springframework.test.context.support.ActiveProfilesUtils - Could not find an 'annotation declaring class' for annotation type [org.springframework.test.context.ActiveProfiles] and class [com.hz.springdemo.SpringBootDemoApplicationTests]
20:29:36.885 [Test worker] DEBUG org.springframework.test.context.web.WebTestContextBootstrapper - @TestExecutionListeners is not present for class [com.hz.springdemo.SpringBootDemoApplicationTests]: using defaults.
20:29:36.904 [Test worker] INFO org.springframework.test.context.web.WebTestContextBootstrapper - Loaded default TestExecutionListener class names from location [META-INF/spring.factories]: [org.springframework.test.context.web.ServletTestExecutionListener, org.springframework.test.context.support.DirtiesContextBeforeModesTestExecutionListener, org.springframework.test.context.support.DependencyInjectionTestExecutionListener, org.springframework.test.context.support.DirtiesContextTestExecutionListener, org.springframework.test.context.transaction.TransactionalTestExecutionListener, org.springframework.test.context.jdbc.SqlScriptsTestExecutionListener]
20:29:36.914 [Test worker] INFO org.springframework.test.context.web.WebTestContextBootstrapper - Could not instantiate TestExecutionListener [org.springframework.test.context.transaction.TransactionalTestExecutionListener]. Specify custom listener classes or make the default listener classes (and their required dependencies) available. Offending class: [org/springframework/transaction/interceptor/TransactionAttributeSource]
20:29:36.970 [Test worker] INFO org.springframework.test.context.web.WebTestContextBootstrapper - Could not instantiate TestExecutionListener [org.springframework.test.context.jdbc.SqlScriptsTestExecutionListener]. Specify custom listener classes or make the default listener classes (and their required dependencies) available. Offending class: [org/springframework/transaction/interceptor/TransactionAttribute]
20:29:36.978 [Test worker] INFO org.springframework.test.context.web.WebTestContextBootstrapper - Using TestExecutionListeners: [org.springframework.test.context.web.ServletTestExecutionListener@7335b5e0, org.springframework.test.context.support.DirtiesContextBeforeModesTestExecutionListener@4f8f1e53, org.springframework.test.context.support.DependencyInjectionTestExecutionListener@78b010c6, org.springframework.test.context.support.DirtiesContextTestExecutionListener@30d89db6]
20:29:36.984 [Test worker] DEBUG org.springframework.test.annotation.ProfileValueUtils - Retrieved @ProfileValueSourceConfiguration [null] for test class [com.hz.springdemo.SpringBootDemoApplicationTests]
20:29:36.985 [Test worker] DEBUG org.springframework.test.annotation.ProfileValueUtils - Retrieved ProfileValueSource type [class org.springframework.test.annotation.SystemProfileValueSource] for class [com.hz.springdemo.SpringBootDemoApplicationTests]
20:29:36.995 [Test worker] DEBUG org.springframework.test.annotation.ProfileValueUtils - Retrieved @ProfileValueSourceConfiguration [null] for test class [com.hz.springdemo.SpringBootDemoApplicationTests]
20:29:36.995 [Test worker] DEBUG org.springframework.test.annotation.ProfileValueUtils - Retrieved ProfileValueSource type [class org.springframework.test.annotation.SystemProfileValueSource] for class [com.hz.springdemo.SpringBootDemoApplicationTests]
20:29:37.002 [Test worker] DEBUG org.springframework.test.context.support.AbstractDirtiesContextTestExecutionListener - Before test class: context [DefaultTestContext@24408653 testClass = SpringBootDemoApplicationTests, testInstance = [null], testMethod = [null], testException = [null], mergedContextConfiguration = [WebMergedContextConfiguration@3c4c7e98 testClass = SpringBootDemoApplicationTests, locations = '{}', classes = '{class com.hz.springdemo.SpringBootDemoApplication}', contextInitializerClasses = '[]', activeProfiles = '{}', propertySourceLocations = '{}', propertySourceProperties = '{}', resourceBasePath = 'src/main/webapp', contextLoader = 'org.springframework.boot.test.SpringApplicationContextLoader', parent = [null]]], class annotated with @DirtiesContext [false] with mode [null].
20:29:37.004 [Test worker] DEBUG org.springframework.test.annotation.ProfileValueUtils - Retrieved @ProfileValueSourceConfiguration [null] for test class [com.hz.springdemo.SpringBootDemoApplicationTests]
20:29:37.005 [Test worker] DEBUG org.springframework.test.annotation.ProfileValueUtils - Retrieved ProfileValueSource type [class org.springframework.test.annotation.SystemProfileValueSource] for class [com.hz.springdemo.SpringBootDemoApplicationTests]
20:29:37.195 [Test worker] DEBUG org.springframework.core.env.StandardEnvironment - Adding [systemProperties] PropertySource with lowest search precedence
20:29:37.201 [Test worker] DEBUG org.springframework.core.env.StandardEnvironment - Adding [systemEnvironment] PropertySource with lowest search precedence
20:29:37.204 [Test worker] DEBUG org.springframework.core.env.StandardEnvironment - Initialized StandardEnvironment with PropertySources [systemProperties,systemEnvironment]
20:29:37.247 [Test worker] DEBUG org.springframework.core.env.StandardEnvironment - Adding [integrationTest] PropertySource with search precedence immediately lower than [systemEnvironment]

  .   ____          _            __ _ _
 /\\ / ___'_ __ _ _(_)_ __  __ _ \ \ \ \
( ( )\___ | '_ | '_| | '_ \/ _` | \ \ \ \
 \\/  ___)| |_)| | | | | || (_| |  ) ) ) )
  '  |____| .__|_| |_|_| |_\__, | / / / /
 =========|_|==============|___/=/_/_/_/
 :: Spring Boot ::        (v1.3.6.RELEASE)

2016-07-10 20:29:37.816  INFO 1808 --- [    Test worker] c.h.s.SpringBootDemoApplicationTests     : Starting SpringBootDemoApplicationTests on hongzhang with PID 1808 (G:\code\java-demo\spring-boot\build\classes\test started by hz in G:\code\java-demo\spring-boot)
2016-07-10 20:29:37.817  INFO 1808 --- [    Test worker] c.h.s.SpringBootDemoApplicationTests     : No active profile set, falling back to default profiles: default
2016-07-10 20:29:37.925  INFO 1808 --- [    Test worker] o.s.w.c.s.GenericWebApplicationContext   : Refreshing org.springframework.web.context.support.GenericWebApplicationContext@711f360c: startup date [Sun Jul 10 20:29:37 CST 2016]; root of context hierarchy
2016-07-10 20:29:41.143  INFO 1808 --- [    Test worker] s.w.s.m.m.a.RequestMappingHandlerAdapter : Looking for @ControllerAdvice: org.springframework.web.context.support.GenericWebApplicationContext@711f360c: startup date [Sun Jul 10 20:29:37 CST 2016]; root of context hierarchy
2016-07-10 20:29:41.259  INFO 1808 --- [    Test worker] s.w.s.m.m.a.RequestMappingHandlerMapping : Mapped "{[/]}" onto java.lang.String com.hz.springdemo.web.HomeController.home()
2016-07-10 20:29:41.264  INFO 1808 --- [    Test worker] s.w.s.m.m.a.RequestMappingHandlerMapping : Mapped "{[/error]}" onto public org.springframework.http.ResponseEntity<java.util.Map<java.lang.String, java.lang.Object>> org.springframework.boot.autoconfigure.web.BasicErrorController.error(javax.servlet.http.HttpServletRequest)
2016-07-10 20:29:41.264  INFO 1808 --- [    Test worker] s.w.s.m.m.a.RequestMappingHandlerMapping : Mapped "{[/error],produces=[text/html]}" onto public org.springframework.web.servlet.ModelAndView org.springframework.boot.autoconfigure.web.BasicErrorController.errorHtml(javax.servlet.http.HttpServletRequest,javax.servlet.http.HttpServletResponse)
2016-07-10 20:29:41.311  INFO 1808 --- [    Test worker] o.s.w.s.handler.SimpleUrlHandlerMapping  : Mapped URL path [/webjars/**] onto handler of type [class org.springframework.web.servlet.resource.ResourceHttpRequestHandler]
2016-07-10 20:29:41.312  INFO 1808 --- [    Test worker] o.s.w.s.handler.SimpleUrlHandlerMapping  : Mapped URL path [/**] onto handler of type [class org.springframework.web.servlet.resource.ResourceHttpRequestHandler]
2016-07-10 20:29:41.391  INFO 1808 --- [    Test worker] o.s.w.s.handler.SimpleUrlHandlerMapping  : Mapped URL path [/**/favicon.ico] onto handler of type [class org.springframework.web.servlet.resource.ResourceHttpRequestHandler]
CommandLineRunnerDean:Info--------0
2016-07-10 20:29:41.550  INFO 1808 --- [    Test worker] c.h.s.SpringBootDemoApplicationTests     : Started SpringBootDemoApplicationTests in 4.284 seconds (JVM running for 6.431)
]]></system-out>
  <system-err><![CDATA[]]></system-err>
</testsuite>
