<?xml version="1.0" encoding="UTF-8"?>
<testsuite name="com.hz.SpringBootDemoApplicationTests" tests="1" skipped="0" failures="0" errors="0" timestamp="2016-07-10T08:53:27" hostname="hongzhang" time="0.007">
  <properties/>
  <testcase name="contextLoads" classname="com.hz.SpringBootDemoApplicationTests" time="0.007"/>
  <system-out><![CDATA[16:53:23.623 [Test worker] DEBUG org.springframework.test.context.junit4.SpringJUnit4ClassRunner - SpringJUnit4ClassRunner constructor called with [class com.hz.SpringBootDemoApplicationTests]
16:53:23.630 [Test worker] DEBUG org.springframework.test.context.BootstrapUtils - Instantiating CacheAwareContextLoaderDelegate from class [org.springframework.test.context.cache.DefaultCacheAwareContextLoaderDelegate]
16:53:23.641 [Test worker] DEBUG org.springframework.test.context.BootstrapUtils - Instantiating BootstrapContext using constructor [public org.springframework.test.context.support.DefaultBootstrapContext(java.lang.Class,org.springframework.test.context.CacheAwareContextLoaderDelegate)]
16:53:23.662 [Test worker] DEBUG org.springframework.test.context.BootstrapUtils - Instantiating TestContextBootstrapper for test class [com.hz.SpringBootDemoApplicationTests] from class [org.springframework.test.context.web.WebTestContextBootstrapper]
16:53:23.704 [Test worker] DEBUG org.springframework.test.context.web.WebTestContextBootstrapper - Found explicit ContextLoader class [org.springframework.boot.test.SpringApplicationContextLoader] for context configuration attributes [ContextConfigurationAttributes@5045dbd0 declaringClass = 'com.hz.SpringBootDemoApplicationTests', classes = '{class com.hz.SpringBootDemoApplication}', locations = '{}', inheritLocations = true, initializers = '{}', inheritInitializers = true, name = [null], contextLoaderClass = 'org.springframework.boot.test.SpringApplicationContextLoader']
16:53:23.721 [Test worker] DEBUG org.springframework.test.context.support.AbstractContextLoader - Did not detect default resource location for test class [com.hz.SpringBootDemoApplicationTests]: class path resource [com/hz/SpringBootDemoApplicationTests-context.xml] does not exist
16:53:23.722 [Test worker] DEBUG org.springframework.test.context.support.AbstractContextLoader - Did not detect default resource location for test class [com.hz.SpringBootDemoApplicationTests]: class path resource [com/hz/SpringBootDemoApplicationTestsContext.groovy] does not exist
16:53:23.722 [Test worker] INFO org.springframework.test.context.support.AbstractContextLoader - Could not detect default resource locations for test class [com.hz.SpringBootDemoApplicationTests]: no resource found for suffixes {-context.xml, Context.groovy}.
16:53:23.725 [Test worker] DEBUG org.springframework.test.context.support.ActiveProfilesUtils - Could not find an 'annotation declaring class' for annotation type [org.springframework.test.context.ActiveProfiles] and class [com.hz.SpringBootDemoApplicationTests]
16:53:23.730 [Test worker] DEBUG org.springframework.test.context.web.WebTestContextBootstrapper - @TestExecutionListeners is not present for class [com.hz.SpringBootDemoApplicationTests]: using defaults.
16:53:23.742 [Test worker] INFO org.springframework.test.context.web.WebTestContextBootstrapper - Loaded default TestExecutionListener class names from location [META-INF/spring.factories]: [org.springframework.test.context.web.ServletTestExecutionListener, org.springframework.test.context.support.DirtiesContextBeforeModesTestExecutionListener, org.springframework.test.context.support.DependencyInjectionTestExecutionListener, org.springframework.test.context.support.DirtiesContextTestExecutionListener, org.springframework.test.context.transaction.TransactionalTestExecutionListener, org.springframework.test.context.jdbc.SqlScriptsTestExecutionListener]
16:53:23.757 [Test worker] INFO org.springframework.test.context.web.WebTestContextBootstrapper - Could not instantiate TestExecutionListener [org.springframework.test.context.jdbc.SqlScriptsTestExecutionListener]. Specify custom listener classes or make the default listener classes (and their required dependencies) available. Offending class: [org/springframework/transaction/interceptor/TransactionAttribute]
16:53:23.758 [Test worker] INFO org.springframework.test.context.web.WebTestContextBootstrapper - Could not instantiate TestExecutionListener [org.springframework.test.context.transaction.TransactionalTestExecutionListener]. Specify custom listener classes or make the default listener classes (and their required dependencies) available. Offending class: [org/springframework/transaction/interceptor/TransactionAttributeSource]
16:53:23.761 [Test worker] INFO org.springframework.test.context.web.WebTestContextBootstrapper - Using TestExecutionListeners: [org.springframework.test.context.web.ServletTestExecutionListener@501d8366, org.springframework.test.context.support.DirtiesContextBeforeModesTestExecutionListener@937d7eb, org.springframework.test.context.support.DependencyInjectionTestExecutionListener@5c329254, org.springframework.test.context.support.DirtiesContextTestExecutionListener@7335b5e0]
16:53:23.766 [Test worker] DEBUG org.springframework.test.annotation.ProfileValueUtils - Retrieved @ProfileValueSourceConfiguration [null] for test class [com.hz.SpringBootDemoApplicationTests]
16:53:23.767 [Test worker] DEBUG org.springframework.test.annotation.ProfileValueUtils - Retrieved ProfileValueSource type [class org.springframework.test.annotation.SystemProfileValueSource] for class [com.hz.SpringBootDemoApplicationTests]
16:53:23.770 [Test worker] DEBUG org.springframework.test.annotation.ProfileValueUtils - Retrieved @ProfileValueSourceConfiguration [null] for test class [com.hz.SpringBootDemoApplicationTests]
16:53:23.772 [Test worker] DEBUG org.springframework.test.annotation.ProfileValueUtils - Retrieved ProfileValueSource type [class org.springframework.test.annotation.SystemProfileValueSource] for class [com.hz.SpringBootDemoApplicationTests]
16:53:23.778 [Test worker] DEBUG org.springframework.test.context.support.AbstractDirtiesContextTestExecutionListener - Before test class: context [DefaultTestContext@111120bb testClass = SpringBootDemoApplicationTests, testInstance = [null], testMethod = [null], testException = [null], mergedContextConfiguration = [WebMergedContextConfiguration@321264a8 testClass = SpringBootDemoApplicationTests, locations = '{}', classes = '{class com.hz.SpringBootDemoApplication}', contextInitializerClasses = '[]', activeProfiles = '{}', propertySourceLocations = '{}', propertySourceProperties = '{}', resourceBasePath = 'src/main/webapp', contextLoader = 'org.springframework.boot.test.SpringApplicationContextLoader', parent = [null]]], class annotated with @DirtiesContext [false] with mode [null].
16:53:23.779 [Test worker] DEBUG org.springframework.test.annotation.ProfileValueUtils - Retrieved @ProfileValueSourceConfiguration [null] for test class [com.hz.SpringBootDemoApplicationTests]
16:53:23.779 [Test worker] DEBUG org.springframework.test.annotation.ProfileValueUtils - Retrieved ProfileValueSource type [class org.springframework.test.annotation.SystemProfileValueSource] for class [com.hz.SpringBootDemoApplicationTests]
16:53:23.936 [Test worker] DEBUG org.springframework.core.env.StandardEnvironment - Adding [systemProperties] PropertySource with lowest search precedence
16:53:23.940 [Test worker] DEBUG org.springframework.core.env.StandardEnvironment - Adding [systemEnvironment] PropertySource with lowest search precedence
16:53:23.940 [Test worker] DEBUG org.springframework.core.env.StandardEnvironment - Initialized StandardEnvironment with PropertySources [systemProperties,systemEnvironment]
16:53:23.942 [Test worker] DEBUG org.springframework.core.env.StandardEnvironment - Adding [integrationTest] PropertySource with search precedence immediately lower than [systemEnvironment]

  .   ____          _            __ _ _
 /\\ / ___'_ __ _ _(_)_ __  __ _ \ \ \ \
( ( )\___ | '_ | '_| | '_ \/ _` | \ \ \ \
 \\/  ___)| |_)| | | | | || (_| |  ) ) ) )
  '  |____| .__|_| |_|_| |_\__, | / / / /
 =========|_|==============|___/=/_/_/_/
 :: Spring Boot ::        (v1.3.6.RELEASE)

2016-07-10 16:53:24.380  INFO 9316 --- [    Test worker] com.hz.SpringBootDemoApplicationTests    : Starting SpringBootDemoApplicationTests on hongzhang with PID 9316 (G:\code\java-demo\spring-boot\build\classes\test started by hz in G:\code\java-demo\spring-boot)
2016-07-10 16:53:24.383  INFO 9316 --- [    Test worker] com.hz.SpringBootDemoApplicationTests    : No active profile set, falling back to default profiles: default
2016-07-10 16:53:24.512  INFO 9316 --- [    Test worker] o.s.w.c.s.GenericWebApplicationContext   : Refreshing org.springframework.web.context.support.GenericWebApplicationContext@695edcc4: startup date [Sun Jul 10 16:53:24 CST 2016]; root of context hierarchy
2016-07-10 16:53:27.480  INFO 9316 --- [    Test worker] s.w.s.m.m.a.RequestMappingHandlerAdapter : Looking for @ControllerAdvice: org.springframework.web.context.support.GenericWebApplicationContext@695edcc4: startup date [Sun Jul 10 16:53:24 CST 2016]; root of context hierarchy
2016-07-10 16:53:27.601  INFO 9316 --- [    Test worker] s.w.s.m.m.a.RequestMappingHandlerMapping : Mapped "{[/]}" onto java.lang.String com.hz.web.HomeController.home()
2016-07-10 16:53:27.605  INFO 9316 --- [    Test worker] s.w.s.m.m.a.RequestMappingHandlerMapping : Mapped "{[/error]}" onto public org.springframework.http.ResponseEntity<java.util.Map<java.lang.String, java.lang.Object>> org.springframework.boot.autoconfigure.web.BasicErrorController.error(javax.servlet.http.HttpServletRequest)
2016-07-10 16:53:27.605  INFO 9316 --- [    Test worker] s.w.s.m.m.a.RequestMappingHandlerMapping : Mapped "{[/error],produces=[text/html]}" onto public org.springframework.web.servlet.ModelAndView org.springframework.boot.autoconfigure.web.BasicErrorController.errorHtml(javax.servlet.http.HttpServletRequest,javax.servlet.http.HttpServletResponse)
2016-07-10 16:53:27.650  INFO 9316 --- [    Test worker] o.s.w.s.handler.SimpleUrlHandlerMapping  : Mapped URL path [/webjars/**] onto handler of type [class org.springframework.web.servlet.resource.ResourceHttpRequestHandler]
2016-07-10 16:53:27.651  INFO 9316 --- [    Test worker] o.s.w.s.handler.SimpleUrlHandlerMapping  : Mapped URL path [/**] onto handler of type [class org.springframework.web.servlet.resource.ResourceHttpRequestHandler]
2016-07-10 16:53:27.709  INFO 9316 --- [    Test worker] o.s.w.s.handler.SimpleUrlHandlerMapping  : Mapped URL path [/**/favicon.ico] onto handler of type [class org.springframework.web.servlet.resource.ResourceHttpRequestHandler]
2016-07-10 16:53:27.915  INFO 9316 --- [    Test worker] com.hz.SpringBootDemoApplicationTests    : Started SpringBootDemoApplicationTests in 3.944 seconds (JVM running for 6.039)
]]></system-out>
  <system-err><![CDATA[]]></system-err>
</testsuite>
